<?xml version="1.0" encoding="UTF-8"?>
<testsuite name="person.sabarada.tracing.start.controller.StartControllerTest" tests="1" skipped="0" failures="0" errors="0" timestamp="2019-12-07T03:03:32" hostname="KwanghocBookPro" time="0.171">
  <properties/>
  <testcase name="start" classname="person.sabarada.tracing.start.controller.StartControllerTest" time="0.171"/>
  <system-out><![CDATA[12:03:29.016 [Test worker] DEBUG org.springframework.test.context.junit4.SpringJUnit4ClassRunner - SpringJUnit4ClassRunner constructor called with [class person.sabarada.tracing.start.controller.StartControllerTest]
12:03:29.022 [Test worker] DEBUG org.springframework.test.context.BootstrapUtils - Instantiating CacheAwareContextLoaderDelegate from class [org.springframework.test.context.cache.DefaultCacheAwareContextLoaderDelegate]
12:03:29.028 [Test worker] DEBUG org.springframework.test.context.BootstrapUtils - Instantiating BootstrapContext using constructor [public org.springframework.test.context.support.DefaultBootstrapContext(java.lang.Class,org.springframework.test.context.CacheAwareContextLoaderDelegate)]
12:03:29.047 [Test worker] DEBUG org.springframework.test.context.BootstrapUtils - Instantiating TestContextBootstrapper for test class [person.sabarada.tracing.start.controller.StartControllerTest] from class [org.springframework.boot.test.context.SpringBootTestContextBootstrapper]
12:03:29.056 [Test worker] INFO org.springframework.boot.test.context.SpringBootTestContextBootstrapper - Neither @ContextConfiguration nor @ContextHierarchy found for test class [person.sabarada.tracing.start.controller.StartControllerTest], using SpringBootContextLoader
12:03:29.059 [Test worker] DEBUG org.springframework.test.context.support.AbstractContextLoader - Did not detect default resource location for test class [person.sabarada.tracing.start.controller.StartControllerTest]: class path resource [person/sabarada/tracing/start/controller/StartControllerTest-context.xml] does not exist
12:03:29.059 [Test worker] DEBUG org.springframework.test.context.support.AbstractContextLoader - Did not detect default resource location for test class [person.sabarada.tracing.start.controller.StartControllerTest]: class path resource [person/sabarada/tracing/start/controller/StartControllerTestContext.groovy] does not exist
12:03:29.059 [Test worker] INFO org.springframework.test.context.support.AbstractContextLoader - Could not detect default resource locations for test class [person.sabarada.tracing.start.controller.StartControllerTest]: no resource found for suffixes {-context.xml, Context.groovy}.
12:03:29.060 [Test worker] INFO org.springframework.test.context.support.AnnotationConfigContextLoaderUtils - Could not detect default configuration classes for test class [person.sabarada.tracing.start.controller.StartControllerTest]: StartControllerTest does not declare any static, non-private, non-final, nested classes annotated with @Configuration.
12:03:29.115 [Test worker] DEBUG org.springframework.test.context.support.ActiveProfilesUtils - Could not find an 'annotation declaring class' for annotation type [org.springframework.test.context.ActiveProfiles] and class [person.sabarada.tracing.start.controller.StartControllerTest]
12:03:29.187 [Test worker] DEBUG org.springframework.context.annotation.ClassPathScanningCandidateComponentProvider - Identified candidate component class: file [/Users/kwanghoyeom/dev/spring/workspace/tracing/tracing-start-point/build/classes/java/main/person/sabarada/tracing/start/StartPointApplication.class]
12:03:29.188 [Test worker] INFO org.springframework.boot.test.context.SpringBootTestContextBootstrapper - Found @SpringBootConfiguration person.sabarada.tracing.start.StartPointApplication for test class person.sabarada.tracing.start.controller.StartControllerTest
12:03:29.273 [Test worker] DEBUG org.springframework.boot.test.context.SpringBootTestContextBootstrapper - @TestExecutionListeners is not present for class [person.sabarada.tracing.start.controller.StartControllerTest]: using defaults.
12:03:29.274 [Test worker] INFO org.springframework.boot.test.context.SpringBootTestContextBootstrapper - Loaded default TestExecutionListener class names from location [META-INF/spring.factories]: [org.springframework.boot.test.autoconfigure.restdocs.RestDocsTestExecutionListener, org.springframework.boot.test.autoconfigure.web.client.MockRestServiceServerResetTestExecutionListener, org.springframework.boot.test.autoconfigure.web.servlet.MockMvcPrintOnlyOnFailureTestExecutionListener, org.springframework.boot.test.autoconfigure.web.servlet.WebDriverTestExecutionListener, org.springframework.boot.test.mock.mockito.MockitoTestExecutionListener, org.springframework.boot.test.mock.mockito.ResetMocksTestExecutionListener, org.springframework.test.context.web.ServletTestExecutionListener, org.springframework.test.context.support.DirtiesContextBeforeModesTestExecutionListener, org.springframework.test.context.support.DependencyInjectionTestExecutionListener, org.springframework.test.context.support.DirtiesContextTestExecutionListener, org.springframework.test.context.transaction.TransactionalTestExecutionListener, org.springframework.test.context.jdbc.SqlScriptsTestExecutionListener]
12:03:29.284 [Test worker] DEBUG org.springframework.boot.test.context.SpringBootTestContextBootstrapper - Skipping candidate TestExecutionListener [org.springframework.test.context.transaction.TransactionalTestExecutionListener] due to a missing dependency. Specify custom listener classes or make the default listener classes and their required dependencies available. Offending class: [org.springframework.transaction.interceptor.TransactionAttributeSource]
12:03:29.284 [Test worker] DEBUG org.springframework.boot.test.context.SpringBootTestContextBootstrapper - Skipping candidate TestExecutionListener [org.springframework.test.context.jdbc.SqlScriptsTestExecutionListener] due to a missing dependency. Specify custom listener classes or make the default listener classes and their required dependencies available. Offending class: [org.springframework.transaction.interceptor.TransactionAttribute]
12:03:29.284 [Test worker] INFO org.springframework.boot.test.context.SpringBootTestContextBootstrapper - Using TestExecutionListeners: [org.springframework.test.context.web.ServletTestExecutionListener@b7ae6691, org.springframework.test.context.support.DirtiesContextBeforeModesTestExecutionListener@107119c0, org.springframework.boot.test.mock.mockito.MockitoTestExecutionListener@9d42ab30, org.springframework.boot.test.autoconfigure.SpringBootDependencyInjectionTestExecutionListener@60eedf32, org.springframework.test.context.support.DirtiesContextTestExecutionListener@4c5f8272, org.springframework.boot.test.autoconfigure.restdocs.RestDocsTestExecutionListener@6e47675a, org.springframework.boot.test.autoconfigure.web.client.MockRestServiceServerResetTestExecutionListener@df176c4a, org.springframework.boot.test.autoconfigure.web.servlet.MockMvcPrintOnlyOnFailureTestExecutionListener@7568871a, org.springframework.boot.test.autoconfigure.web.servlet.WebDriverTestExecutionListener@2010409d, org.springframework.boot.test.mock.mockito.ResetMocksTestExecutionListener@52a4ffbd]
12:03:29.287 [Test worker] DEBUG org.springframework.test.annotation.ProfileValueUtils - Retrieved @ProfileValueSourceConfiguration [null] for test class [person.sabarada.tracing.start.controller.StartControllerTest]
12:03:29.288 [Test worker] DEBUG org.springframework.test.annotation.ProfileValueUtils - Retrieved ProfileValueSource type [class org.springframework.test.annotation.SystemProfileValueSource] for class [person.sabarada.tracing.start.controller.StartControllerTest]
12:03:29.290 [Test worker] DEBUG org.springframework.test.annotation.ProfileValueUtils - Retrieved @ProfileValueSourceConfiguration [null] for test class [person.sabarada.tracing.start.controller.StartControllerTest]
12:03:29.290 [Test worker] DEBUG org.springframework.test.annotation.ProfileValueUtils - Retrieved ProfileValueSource type [class org.springframework.test.annotation.SystemProfileValueSource] for class [person.sabarada.tracing.start.controller.StartControllerTest]
12:03:29.290 [Test worker] DEBUG org.springframework.test.annotation.ProfileValueUtils - Retrieved @ProfileValueSourceConfiguration [null] for test class [person.sabarada.tracing.start.controller.StartControllerTest]
12:03:29.290 [Test worker] DEBUG org.springframework.test.annotation.ProfileValueUtils - Retrieved ProfileValueSource type [class org.springframework.test.annotation.SystemProfileValueSource] for class [person.sabarada.tracing.start.controller.StartControllerTest]
12:03:29.293 [Test worker] DEBUG org.springframework.test.context.support.AbstractDirtiesContextTestExecutionListener - Before test class: context [DefaultTestContext@112ca5c8 testClass = StartControllerTest, testInstance = [null], testMethod = [null], testException = [null], mergedContextConfiguration = [WebMergedContextConfiguration@3b4318de testClass = StartControllerTest, locations = '{}', classes = '{class person.sabarada.tracing.start.StartPointApplication}', contextInitializerClasses = '[]', activeProfiles = '{}', propertySourceLocations = '{}', propertySourceProperties = '{org.springframework.boot.test.context.SpringBootTestContextBootstrapper=true}', contextCustomizers = set[org.springframework.boot.test.autoconfigure.properties.PropertyMappingContextCustomizer@e7e8512, org.springframework.boot.test.autoconfigure.web.servlet.WebDriverContextCustomizerFactory$Customizer@1a4f57b0, [ImportsContextCustomizer@9bfe916b key = [org.springframework.boot.test.autoconfigure.web.servlet.MockMvcAutoConfiguration, org.springframework.boot.test.autoconfigure.web.servlet.MockMvcSecurityAutoConfiguration, org.springframework.boot.test.autoconfigure.web.servlet.MockMvcWebClientAutoConfiguration, org.springframework.boot.test.autoconfigure.web.servlet.MockMvcWebDriverAutoConfiguration]], org.springframework.boot.test.context.filter.ExcludeFilterContextCustomizer@f04d45c9, org.springframework.boot.test.json.DuplicateJsonObjectContextCustomizerFactory$DuplicateJsonObjectContextCustomizer@edbdb3d9, org.springframework.boot.test.mock.mockito.MockitoContextCustomizer@0, org.springframework.boot.test.web.client.TestRestTemplateContextCustomizer@5f0aa40d], resourceBasePath = 'src/main/webapp', contextLoader = 'org.springframework.boot.test.context.SpringBootContextLoader', parent = [null]], attributes = map['org.springframework.test.context.web.ServletTestExecutionListener.activateListener' -> true]], class annotated with @DirtiesContext [false] with mode [null].
12:03:29.294 [Test worker] DEBUG org.springframework.test.annotation.ProfileValueUtils - Retrieved @ProfileValueSourceConfiguration [null] for test class [person.sabarada.tracing.start.controller.StartControllerTest]
12:03:29.294 [Test worker] DEBUG org.springframework.test.annotation.ProfileValueUtils - Retrieved ProfileValueSource type [class org.springframework.test.annotation.SystemProfileValueSource] for class [person.sabarada.tracing.start.controller.StartControllerTest]
12:03:29.311 [Test worker] DEBUG org.springframework.test.context.support.TestPropertySourceUtils - Adding inlined properties to environment: {spring.jmx.enabled=false, org.springframework.boot.test.context.SpringBootTestContextBootstrapper=true, server.port=-1}
2019-12-07 12:03:29.840  INFO [,,,] 926 --- [    Test worker] trationDelegate$BeanPostProcessorChecker : Bean 'org.springframework.cloud.autoconfigure.ConfigurationPropertiesRebinderAutoConfiguration' of type [org.springframework.cloud.autoconfigure.ConfigurationPropertiesRebinderAutoConfiguration$$EnhancerBySpringCGLIB$$728009fc] is not eligible for getting processed by all BeanPostProcessors (for example: not eligible for auto-proxying)

  .   ____          _            __ _ _
 /\\ / ___'_ __ _ _(_)_ __  __ _ \ \ \ \
( ( )\___ | '_ | '_| | '_ \/ _` | \ \ \ \
 \\/  ___)| |_)| | | | | || (_| |  ) ) ) )
  '  |____| .__|_| |_|_| |_\__, | / / / /
 =========|_|==============|___/=/_/_/_/
 :: Spring Boot ::        (v2.1.8.RELEASE)

2019-12-07 12:03:30.030  INFO [start-point,,,] 926 --- [    Test worker] p.s.t.s.controller.StartControllerTest   : No active profile set, falling back to default profiles: default
2019-12-07 12:03:30.744  INFO [start-point,,,] 926 --- [    Test worker] o.s.cloud.context.scope.GenericScope     : BeanFactory id=fb9dae5b-d76f-374b-aa12-3fed6708e4e4
2019-12-07 12:03:31.028  INFO [start-point,,,] 926 --- [    Test worker] trationDelegate$BeanPostProcessorChecker : Bean 'org.springframework.cloud.autoconfigure.ConfigurationPropertiesRebinderAutoConfiguration' of type [org.springframework.cloud.autoconfigure.ConfigurationPropertiesRebinderAutoConfiguration$$EnhancerBySpringCGLIB$$728009fc] is not eligible for getting processed by all BeanPostProcessors (for example: not eligible for auto-proxying)
2019-12-07 12:03:31.881  INFO [start-point,,,] 926 --- [    Test worker] o.s.s.concurrent.ThreadPoolTaskExecutor  : Initializing ExecutorService 'applicationTaskExecutor'
2019-12-07 12:03:32.368  INFO [start-point,,,] 926 --- [    Test worker] o.s.b.t.m.w.SpringBootMockServletContext : Initializing Spring TestDispatcherServlet ''
2019-12-07 12:03:32.368  INFO [start-point,,,] 926 --- [    Test worker] o.s.t.web.servlet.TestDispatcherServlet  : Initializing Servlet ''
2019-12-07 12:03:32.383  INFO [start-point,,,] 926 --- [    Test worker] o.s.t.web.servlet.TestDispatcherServlet  : Completed initialization in 15 ms
2019-12-07 12:03:32.617  INFO [start-point,,,] 926 --- [    Test worker] p.s.t.s.controller.StartControllerTest   : Started StartControllerTest in 3.301 seconds (JVM running for 4.133)
2019-12-07 12:03:32.747  INFO [start-point,fa649ab5d70afdeb,fa649ab5d70afdeb,true] 926 --- [    Test worker] p.s.t.start.controller.StartController   : ###access start method
2019-12-07 12:03:32.779  INFO [start-point,fa649ab5d70afdeb,fa649ab5d70afdeb,true] 926 --- [    Test worker] p.s.t.start.controller.StartController   : ###end-point`s return value : pong

MockHttpServletRequest:
      HTTP Method = GET
      Request URI = /ping
       Parameters = {}
          Headers = []
             Body = null
    Session Attrs = {}

Handler:
             Type = person.sabarada.tracing.start.controller.StartController
           Method = public java.lang.String person.sabarada.tracing.start.controller.StartController.start()

Async:
    Async started = false
     Async result = null

Resolved Exception:
             Type = null

ModelAndView:
        View name = null
             View = null
            Model = null

FlashMap:
       Attributes = null

MockHttpServletResponse:
           Status = 200
    Error message = null
          Headers = [Content-Type:"text/plain;charset=UTF-8", Content-Length:"4"]
     Content type = text/plain;charset=UTF-8
             Body = pong
    Forwarded URL = null
   Redirected URL = null
          Cookies = []
]]></system-out>
  <system-err><![CDATA[]]></system-err>
</testsuite>
